c:\users\mirko\source\repos\udpgame_server\udpgame_server\debug\vc141.pdb
c:\users\mirko\source\repos\udpgame_server\udpgame_server\debug\vc141.idb
c:\users\mirko\source\repos\udpgame_server\udpgame_server\debug\server.obj
c:\users\mirko\source\repos\udpgame_server\udpgame_server\debug\main.obj
c:\users\mirko\source\repos\udpgame_server\debug\udpgame_server.pdb
c:\users\mirko\source\repos\udpgame_server\udpgame_server\debug\udpgame_server.tlog\cl.command.1.tlog
c:\users\mirko\source\repos\udpgame_server\udpgame_server\debug\udpgame_server.tlog\cl.read.1.tlog
c:\users\mirko\source\repos\udpgame_server\udpgame_server\debug\udpgame_server.tlog\cl.write.1.tlog
c:\users\mirko\source\repos\udpgame_server\udpgame_server\debug\udpgame_server.tlog\link-cvtres.read.1.tlog
c:\users\mirko\source\repos\udpgame_server\udpgame_server\debug\udpgame_server.tlog\link-cvtres.write.1.tlog
c:\users\mirko\source\repos\udpgame_server\udpgame_server\debug\udpgame_server.tlog\link-rc.read.1.tlog
c:\users\mirko\source\repos\udpgame_server\udpgame_server\debug\udpgame_server.tlog\link-rc.write.1.tlog
c:\users\mirko\source\repos\udpgame_server\udpgame_server\debug\udpgame_server.tlog\link.20904-cvtres.read.1.tlog
c:\users\mirko\source\repos\udpgame_server\udpgame_server\debug\udpgame_server.tlog\link.20904-cvtres.write.1.tlog
c:\users\mirko\source\repos\udpgame_server\udpgame_server\debug\udpgame_server.tlog\link.20904-rc.read.1.tlog
c:\users\mirko\source\repos\udpgame_server\udpgame_server\debug\udpgame_server.tlog\link.20904-rc.write.1.tlog
c:\users\mirko\source\repos\udpgame_server\udpgame_server\debug\udpgame_server.tlog\link.20904.read.1.tlog
c:\users\mirko\source\repos\udpgame_server\udpgame_server\debug\udpgame_server.tlog\link.20904.write.1.tlog
c:\users\mirko\source\repos\udpgame_server\udpgame_server\debug\udpgame_server.tlog\link.command.1.tlog
c:\users\mirko\source\repos\udpgame_server\udpgame_server\debug\udpgame_server.tlog\link.read.1.tlog
c:\users\mirko\source\repos\udpgame_server\udpgame_server\debug\udpgame_server.tlog\link.write.1.tlog
